<?xml version="1.0" encoding="utf-8"?><testsuites><testsuite name="pytest" errors="0" failures="0" skipped="0" tests="3" time="0.814" timestamp="2024-04-02T13:16:28.990466" hostname="user-Latitude-7480"><testcase classname="" name="Flask API in app.py allows logged in users to access member-only article index at .members_only_articles." time="0.138" /><testcase classname="" name="Flask API in app.py only shows member-only articles at .members_only_articles." time="0.020" /><testcase classname="" name="Flask API in app.py allows logged in users to access full member-only articles at .members_only_articles.&lt;int:id&gt;." time="0.020" /></testsuite></testsuites>